<?xml version="1.0" encoding="utf-8"?><testsuites name="pytest tests"><testsuite name="pytest" errors="0" failures="1" skipped="0" tests="15" time="15.450" timestamp="2026-09-06T06:26:42.781522+00:00" hostname="agent-env-f066c9c6-c27b-45d2-91b9-1b535d2c2b40"><testcase classname="tests.backend_test.TestAuth" name="test_register_duplicate_or_new" time="0.205" /><testcase classname="tests.backend_test.TestAuth" name="test_register_new_user_returns_token" time="0.468"><failure message="AssertionError: assert 'test_c94f3901@example.com' == 'TEST_c94f3901@example.com'&#10;  &#10;  - TEST_c94f3901@example.com&#10;  ? ^^^^&#10;  + test_c94f3901@example.com&#10;  ? ^^^^">backend/tests/backend_test.py:81: in test_register_new_user_returns_token
    assert data["user"]["email"] == email
E   AssertionError: assert 'test_c94f3901@example.com' == 'TEST_c94f3901@example.com'
E     
E     - TEST_c94f3901@example.com
E     ? ^^^^
E     + test_c94f3901@example.com
E     ? ^^^^</failure></testcase><testcase classname="tests.backend_test.TestWriting" name="test_writing_prompt" time="2.826" /><testcase classname="tests.backend_test.TestAuth" name="test_login_success" time="0.618" /><testcase classname="tests.backend_test.TestAuth" name="test_login_wrong_password" time="0.286" /><testcase classname="tests.backend_test.TestAuth" name="test_me_returns_profile" time="0.058" /><testcase classname="tests.backend_test.TestAuth" name="test_me_requires_auth" time="0.057" /><testcase classname="tests.backend_test.TestSession" name="test_session_start_practice" time="2.539" /><testcase classname="tests.backend_test.TestWriting" name="test_writing_check" time="1.804" /><testcase classname="tests.backend_test.TestSession" name="test_session_turn_and_end" time="8.503" /><testcase classname="tests.backend_test.TestVocabulary" name="test_add_and_list_word" time="0.178" /><testcase classname="tests.backend_test.TestVocabulary" name="test_add_empty_word" time="0.070" /><testcase classname="tests.backend_test.TestCertificate" name="test_certificate_not_eligible" time="0.058" /><testcase classname="tests.backend_test.TestProfile" name="test_profile_stats" time="0.060" /><testcase classname="tests.backend_test.TestReading" name="test_reading_passage" time="2.123" /></testsuite></testsuites>